<?xml version="1.0" encoding="UTF-8"?>
<testng-results skipped="0" failed="1" ignored="0" total="4" passed="3">
  <reporter-output>
  </reporter-output>
  <suite name="Suite" duration-ms="49867" started-at="2020-09-30T02:52:27 IST" finished-at="2020-09-30T02:53:17 IST">
    <groups>
    </groups>
    <test name="NavigationBarValidationTest" duration-ms="15812" started-at="2020-09-30T02:52:27 IST" finished-at="2020-09-30T02:52:42 IST">
      <class name="Academy.NavigationBarValidation">
        <test-method status="PASS" signature="configMethod()[pri:0, instance:Academy.NavigationBarValidation@5965d37]" name="configMethod" is-config="true" duration-ms="14384" started-at="2020-09-30T02:52:27 IST" finished-at="2020-09-30T02:52:41 IST">
          <reporter-output>
          </reporter-output>
        </test-method> <!-- configMethod -->
        <test-method status="PASS" signature="getTitleValidation()[pri:0, instance:Academy.NavigationBarValidation@5965d37]" name="getTitleValidation" duration-ms="317" started-at="2020-09-30T02:52:41 IST" finished-at="2020-09-30T02:52:41 IST">
          <reporter-output>
          </reporter-output>
        </test-method> <!-- getTitleValidation -->
        <test-method status="PASS" signature="closeDown()[pri:0, instance:Academy.NavigationBarValidation@5965d37]" name="closeDown" is-config="true" duration-ms="1028" started-at="2020-09-30T02:52:41 IST" finished-at="2020-09-30T02:52:42 IST">
          <reporter-output>
          </reporter-output>
        </test-method> <!-- closeDown -->
      </class> <!-- Academy.NavigationBarValidation -->
    </test> <!-- NavigationBarValidationTest -->
    <test name="HomePageTest" duration-ms="21693" started-at="2020-09-30T02:52:44 IST" finished-at="2020-09-30T02:53:06 IST">
      <class name="Academy.HomePage">
        <test-method status="PASS" signature="configMethod()[pri:0, instance:Academy.HomePage@55de24cc]" name="configMethod" is-config="true" duration-ms="8218" started-at="2020-09-30T02:52:44 IST" finished-at="2020-09-30T02:52:52 IST">
          <reporter-output>
          </reporter-output>
        </test-method> <!-- configMethod -->
        <test-method status="PASS" signature="navigationDemo(java.lang.String, java.lang.String)[pri:0, instance:Academy.HomePage@55de24cc]" name="navigationDemo" duration-ms="2324" started-at="2020-09-30T02:52:52 IST" data-provider="getData" finished-at="2020-09-30T02:52:54 IST">
          <params>
            <param index="0">
              <value>
                <![CDATA[hi@dd.com]]>
              </value>
            </param>
            <param index="1">
              <value>
                <![CDATA[qwert]]>
              </value>
            </param>
          </params>
          <reporter-output>
          </reporter-output>
        </test-method> <!-- navigationDemo -->
        <test-method status="PASS" signature="closeDown()[pri:0, instance:Academy.HomePage@55de24cc]" name="closeDown" is-config="true" duration-ms="375" started-at="2020-09-30T02:52:54 IST" finished-at="2020-09-30T02:52:55 IST">
          <reporter-output>
          </reporter-output>
        </test-method> <!-- closeDown -->
        <test-method status="PASS" signature="configMethod()[pri:0, instance:Academy.HomePage@55de24cc]" name="configMethod" is-config="true" duration-ms="7891" started-at="2020-09-30T02:52:55 IST" finished-at="2020-09-30T02:53:03 IST">
          <reporter-output>
          </reporter-output>
        </test-method> <!-- configMethod -->
        <test-method status="PASS" signature="navigationDemo(java.lang.String, java.lang.String)[pri:0, instance:Academy.HomePage@55de24cc]" name="navigationDemo" duration-ms="2429" started-at="2020-09-30T02:53:03 IST" data-provider="getData" finished-at="2020-09-30T02:53:05 IST">
          <params>
            <param index="0">
              <value>
                <![CDATA[Hellow@dd.com]]>
              </value>
            </param>
            <param index="1">
              <value>
                <![CDATA[asdfg]]>
              </value>
            </param>
          </params>
          <reporter-output>
          </reporter-output>
        </test-method> <!-- navigationDemo -->
        <test-method status="PASS" signature="closeDown()[pri:0, instance:Academy.HomePage@55de24cc]" name="closeDown" is-config="true" duration-ms="425" started-at="2020-09-30T02:53:05 IST" finished-at="2020-09-30T02:53:06 IST">
          <reporter-output>
          </reporter-output>
        </test-method> <!-- closeDown -->
      </class> <!-- Academy.HomePage -->
    </test> <!-- HomePageTest -->
    <test name="ValidatingTitleTest" duration-ms="10802" started-at="2020-09-30T02:53:06 IST" finished-at="2020-09-30T02:53:17 IST">
      <class name="Academy.ValidatingTitle">
        <test-method status="PASS" signature="configMethod()[pri:0, instance:Academy.ValidatingTitle@4d15107f]" name="configMethod" is-config="true" duration-ms="8452" started-at="2020-09-30T02:53:06 IST" finished-at="2020-09-30T02:53:14 IST">
          <reporter-output>
          </reporter-output>
        </test-method> <!-- configMethod -->
        <test-method status="FAIL" signature="getTitleValidation()[pri:0, instance:Academy.ValidatingTitle@4d15107f]" name="getTitleValidation" duration-ms="93" started-at="2020-09-30T02:53:14 IST" finished-at="2020-09-30T02:53:14 IST">
          <exception class="java.lang.AssertionError">
            <message>
              <![CDATA[expected [FEATURED COURSES123] but found [FEATURED COURSES]]]>
            </message>
            <full-stacktrace>
              <![CDATA[java.lang.AssertionError: expected [FEATURED COURSES123] but found [FEATURED COURSES]
at org.testng.Assert.fail(Assert.java:99)
at org.testng.Assert.failNotEquals(Assert.java:1037)
at org.testng.Assert.assertEqualsImpl(Assert.java:140)
at org.testng.Assert.assertEquals(Assert.java:122)
at org.testng.Assert.assertEquals(Assert.java:629)
at org.testng.Assert.assertEquals(Assert.java:639)
at Academy.ValidatingTitle.getTitleValidation(ValidatingTitle.java:33)
at sun.reflect.NativeMethodAccessorImpl.invoke0(Native Method)
at sun.reflect.NativeMethodAccessorImpl.invoke(NativeMethodAccessorImpl.java:62)
at sun.reflect.DelegatingMethodAccessorImpl.invoke(DelegatingMethodAccessorImpl.java:43)
at java.lang.reflect.Method.invoke(Method.java:498)
at org.testng.internal.MethodInvocationHelper.invokeMethod(MethodInvocationHelper.java:132)
at org.testng.internal.TestInvoker.invokeMethod(TestInvoker.java:599)
at org.testng.internal.TestInvoker.invokeTestMethod(TestInvoker.java:174)
at org.testng.internal.MethodRunner.runInSequence(MethodRunner.java:46)
at org.testng.internal.TestInvoker$MethodInvocationAgent.invoke(TestInvoker.java:822)
at org.testng.internal.TestInvoker.invokeTestMethods(TestInvoker.java:147)
at org.testng.internal.TestMethodWorker.invokeTestMethods(TestMethodWorker.java:146)
at org.testng.internal.TestMethodWorker.run(TestMethodWorker.java:128)
at java.util.ArrayList.forEach(ArrayList.java:1259)
at org.testng.TestRunner.privateRun(TestRunner.java:764)
at org.testng.TestRunner.run(TestRunner.java:585)
at org.testng.SuiteRunner.runTest(SuiteRunner.java:384)
at org.testng.SuiteRunner.runSequentially(SuiteRunner.java:378)
at org.testng.SuiteRunner.privateRun(SuiteRunner.java:337)
at org.testng.SuiteRunner.run(SuiteRunner.java:286)
at org.testng.SuiteRunnerWorker.runSuite(SuiteRunnerWorker.java:53)
at org.testng.SuiteRunnerWorker.run(SuiteRunnerWorker.java:96)
at org.testng.TestNG.runSuitesSequentially(TestNG.java:1218)
at org.testng.TestNG.runSuitesLocally(TestNG.java:1140)
at org.testng.TestNG.runSuites(TestNG.java:1069)
at org.testng.TestNG.run(TestNG.java:1037)
at org.testng.remote.AbstractRemoteTestNG.run(AbstractRemoteTestNG.java:115)
at org.testng.remote.RemoteTestNG.initAndRun(RemoteTestNG.java:251)
at org.testng.remote.RemoteTestNG.main(RemoteTestNG.java:77)
]]>
            </full-stacktrace>
          </exception> <!-- java.lang.AssertionError -->
          <reporter-output>
          </reporter-output>
        </test-method> <!-- getTitleValidation -->
        <test-method status="PASS" signature="closeDown()[pri:0, instance:Academy.ValidatingTitle@4d15107f]" name="closeDown" is-config="true" duration-ms="1295" started-at="2020-09-30T02:53:15 IST" finished-at="2020-09-30T02:53:17 IST">
          <reporter-output>
          </reporter-output>
        </test-method> <!-- closeDown -->
      </class> <!-- Academy.ValidatingTitle -->
    </test> <!-- ValidatingTitleTest -->
  </suite> <!-- Suite -->
</testng-results>
